<?xml version="1.0" encoding="UTF-8"?>
<testsuite name="ParameterTests" tests="3" skipped="0" failures="0" errors="0" timestamp="2023-01-26T21:40:02" hostname="DESKTOP-T1L377U" time="9.833">
  <properties/>
  <testcase name="[1] 2024" classname="ParameterTests" time="5.684"/>
  <testcase name="[2] 2027" classname="ParameterTests" time="2.078"/>
  <testcase name="[3] 2030" classname="ParameterTests" time="2.069"/>
  <system-out><![CDATA[]]></system-out>
  <system-err><![CDATA[SLF4J: No SLF4J providers were found.
SLF4J: Defaulting to no-operation (NOP) logger implementation
SLF4J: See https://www.slf4j.org/codes.html#noProviders for further details.
Starting ChromeDriver 109.0.5414.74 (e7c5703604daa9cc128ccf5a5d3e993513758913-refs/branch-heads/5414@{#1172}) on port 13956
Only local connections are allowed.
Please see https://chromedriver.chromium.org/security-considerations for suggestions on keeping ChromeDriver safe.
ChromeDriver was started successfully.
янв. 27, 2023 12:40:04 AM org.openqa.selenium.devtools.CdpVersionFinder findNearestMatch
WARNING: Unable to find an exact match for CDP version 109, so returning the closest version found: 108
]]></system-err>
</testsuite>
